<?xml version="1.0" encoding="UTF-8"?>
<Site BuildName="(empty)"
	BuildStamp="20230925-0643-Experimental"
	Name="ros_noetic.eieArch"
	Generator="ctest-3.16.3"
	CompilerName="/usr/bin/c++"
	CompilerVersion="9.4.0"
	OSName="Linux"
	Hostname="ros_noetic.eieArch"
	OSRelease="6.5.4-arch2-1"
	OSVersion="#1 SMP PREEMPT_DYNAMIC Thu, 21 Sep 2023 11:06:39 +0000"
	OSPlatform="x86_64"
	Is64Bits="1"
	VendorString="GenuineIntel"
	VendorID="Intel Corporation"
	FamilyID="6"
	ModelID="151"
	ProcessorCacheSize="25600"
	NumberOfLogicalCPU="20"
	NumberOfPhysicalCPU="12"
	TotalVirtualMemory="2047"
	TotalPhysicalMemory="15644"
	LogicalProcessorsPerPhysical="1"
	ProcessorClockFrequency="799.792"
	>
	<Testing>
		<StartDateTime>Sep 25 15:21 CST</StartDateTime>
		<StartTestTime>1695626477</StartTestTime>
		<TestList/>
		<EndDateTime>Sep 25 15:21 CST</EndDateTime>
		<EndTestTime>1695626477</EndTestTime>
		<ElapsedMinutes>0</ElapsedMinutes>
	</Testing>
</Site>
